1.
cd cs131
mkdir a1

2.
~

3.
id

4.
ls /proc/ | grep mem
ls /proc/ | grep cpu

5.
head /proc/meminfo

6.
head /proc/cpuinfo
tail /proc/cpuinfo
cat /proc/cpuinfo

7.
ls /etc | grep os-release

8.
cp /datasets/taxidata.tar.gz .
tar -xvzf taxidata.tar.gz
cd taxidata
vim 2019-05.csv
rep '2019-05-12' 2019-05.csv > may12pickups_05.csv
cat may12pickups_05.csv
awk -F ',' 'NR > 1 {sum += $17; n++} END {if (n > 0) print "Average total amount:", sum/n}' may12pickups_05.csv

9. 
awk -F ',' 'NR > 1 && $2 ~ /2019-05-12/ { if ($17 > max) max = $17 } END { print "Highest total amount:", max }' may12pickups_05.csv


10.
awk -F ',' 'NR > 1 && $2 ~ /2019-05/ && $4 >= 3 { print $9 }' 2019-05.csv | sort | uniq -c | awk '$1 >= 3 { print $1, $2 }' | sort -nr | head -10

